Using pre-set license
Built from '2020.3/staging' branch; Version is '2020.3.13f1 (71691879b7f5) revision 7432472'; Using compiler version '192528614'; Build Type 'Release'
OS: 'Windows 10 Education; OS build 19043.1586; Version 2009; 64bit' Language: 'es' Physical Memory: 32716 MB
BatchMode: 1, IsHumanControllingUs: 0, StartBugReporterOnCrash: 0, Is64bit: 1, IsPro: 0

 COMMAND LINE ARGUMENTS:
C:\Program Files\Unity\Hub\Editor\2020.3.13f1\Editor\Unity.exe
-adb2
-batchMode
-noUpm
-name
AssetImportWorker0
-projectPath
C:/Users/usuariocc/Downloads/UI-Unity_DesarrolloDeVideojuegosDispositivosMoviles
-logFile
Logs/AssetImportWorker0.log
-srvPort
50357
Successfully changed project path to: C:/Users/usuariocc/Downloads/UI-Unity_DesarrolloDeVideojuegosDispositivosMoviles
C:/Users/usuariocc/Downloads/UI-Unity_DesarrolloDeVideojuegosDispositivosMoviles
Using Asset Import Pipeline V2.
Refreshing native plugins compatible for Editor in 59.51 ms, found 3 plugins.
Preloading 0 native plugins for Editor in 0.00 ms.
Initialize engine version: 2020.3.13f1 (71691879b7f5)
[Subsystems] Discovering subsystems at path C:/Program Files/Unity/Hub/Editor/2020.3.13f1/Editor/Data/Resources/UnitySubsystems
[Subsystems] Discovering subsystems at path C:/Users/usuariocc/Downloads/UI-Unity_DesarrolloDeVideojuegosDispositivosMoviles/Assets
GfxDevice: creating device client; threaded=0
Direct3D:
    Version:  Direct3D 11.0 [level 11.0]
    Renderer: NVIDIA Quadro K420 (ID=0xff3)
    Vendor:   
    VRAM:     2007 MB
    Driver:   24.21.13.9872
Initialize mono
Mono path[0] = 'C:/Program Files/Unity/Hub/Editor/2020.3.13f1/Editor/Data/Managed'
Mono path[1] = 'C:/Program Files/Unity/Hub/Editor/2020.3.13f1/Editor/Data/MonoBleedingEdge/lib/mono/unityjit'
Mono config path = 'C:/Program Files/Unity/Hub/Editor/2020.3.13f1/Editor/Data/MonoBleedingEdge/etc'
Using monoOptions --debugger-agent=transport=dt_socket,embedding=1,server=y,suspend=n,address=127.0.0.1:56844
Begin MonoManager ReloadAssembly
Registering precompiled unity dll's ...
Register platform support module: C:/Program Files/Unity/Hub/Editor/2020.3.13f1/Editor/Data/PlaybackEngines/WindowsStandaloneSupport/UnityEditor.WindowsStandalone.Extensions.dll
Registered in 0.002483 seconds.
Native extension for WindowsStandalone target not found
Refreshing native plugins compatible for Editor in 50.88 ms, found 3 plugins.
Preloading 0 native plugins for Editor in 0.00 ms.
Mono: successfully reloaded assembly
- Completed reload, in  2.271 seconds
Platform modules already initialized, skipping
Registering precompiled user dll's ...
Registered in 0.006484 seconds.
Begin MonoManager ReloadAssembly
Native extension for WindowsStandalone target not found
Refreshing native plugins compatible for Editor in 50.85 ms, found 3 plugins.
Preloading 0 native plugins for Editor in 0.00 ms.
Mono: successfully reloaded assembly
- Completed reload, in  1.466 seconds
Platform modules already initialized, skipping
========================================================================
Worker process is ready to serve import requests
Launched and connected shader compiler UnityShaderCompiler.exe after 0.09 seconds
Refreshing native plugins compatible for Editor in 0.53 ms, found 3 plugins.
Preloading 0 native plugins for Editor in 0.00 ms.
Unloading 2097 Unused Serialized files (Serialized files now loaded: 0)
System memory in use before: 93.9 MB.
System memory in use after: 94.0 MB.

Unloading 28 unused Assets to reduce memory usage. Loaded Objects now: 2535.
Total: 2.605500 ms (FindLiveObjects: 0.228400 ms CreateObjectMapping: 0.097700 ms MarkObjects: 2.191700 ms  DeleteObjects: 0.086700 ms)

AssetImportParameters requested are different than current active one (requested -> active):
  custom:framework-win-MediaFoundation: 216162199b28c13a410421893ffa2e32 -> 
  custom:video-decoder-ogg-theora: a1e56fd34408186e4bbccfd4996cb3dc -> 
  custom:container-muxer-webm: aa71ff27fc2769a1b78a27578f13a17b -> 
  custom:container-demuxer-webm: 4f35f7cbe854078d1ac9338744f61a02 -> 
  custom:container-demuxer-ogg: 62fdf1f143b41e24485cea50d1cbac27 -> 
  custom:video-encoder-webm-vp8: eb34c28f22e8b96e1ab97ce403110664 -> 
  custom:video-decoder-webm-vp8: 9c59270c3fd7afecdb556c50c9e8de78 -> 
  custom:audio-decoder-ogg-vorbis: bf7c407c2cedff20999df2af8eb42d56 -> 
  custom:audio-encoder-webm-vorbis: bf7c407c2cedff20999df2af8eb42d56 -> 
========================================================================
Received Import Request.
  path: Assets/Sprites/MEGAMAN- (1).png
  artifactKey: Guid(7d7a2a0236e30a54d93c9b9c657f549b) Importer(815301076,1909f56bfc062723c751e8b465ee728b)
Start importing Assets/Sprites/MEGAMAN- (1).png using Guid(7d7a2a0236e30a54d93c9b9c657f549b) Importer(815301076,1909f56bfc062723c751e8b465ee728b)  -> (artifact id: '262ad54ed645dfbd85b3984b00b49fa0') in 0.132824 seconds 
  Import took 0.136361 seconds .

========================================================================
Received Import Request.
  Time since last request: 0.000313 seconds.
  path: Assets/Sprites/Sin título-4.png
  artifactKey: Guid(0c952bc24fe76514eb1fae14d2e09750) Importer(815301076,1909f56bfc062723c751e8b465ee728b)
Start importing Assets/Sprites/Sin título-4.png using Guid(0c952bc24fe76514eb1fae14d2e09750) Importer(815301076,1909f56bfc062723c751e8b465ee728b)  -> (artifact id: 'ff8583cdc49a6f0f3e519685e0baf761') in 0.015835 seconds 
  Import took 0.020653 seconds .

========================================================================
Received Import Request.
  Time since last request: 0.000217 seconds.
  path: Assets/Sprites/MegaXicon.png
  artifactKey: Guid(51edc285ce2044e4993d434448ea0983) Importer(815301076,1909f56bfc062723c751e8b465ee728b)
Start importing Assets/Sprites/MegaXicon.png using Guid(51edc285ce2044e4993d434448ea0983) Importer(815301076,1909f56bfc062723c751e8b465ee728b)  -> (artifact id: '814ff16188cdc494858d2194fa5c453f') in 0.038796 seconds 
  Import took 0.042836 seconds .

========================================================================
Received Import Request.
  Time since last request: 0.000251 seconds.
  path: Assets/Sprites/GameOverUI.png
  artifactKey: Guid(c034170c1b540074681e67330e3a7e7a) Importer(815301076,1909f56bfc062723c751e8b465ee728b)
Start importing Assets/Sprites/GameOverUI.png using Guid(c034170c1b540074681e67330e3a7e7a) Importer(815301076,1909f56bfc062723c751e8b465ee728b)  -> (artifact id: 'b77831564127d8e94b597b83bca18597') in 0.018110 seconds 
  Import took 0.022078 seconds .

========================================================================
Received Import Request.
  Time since last request: 0.000191 seconds.
  path: Assets/Sprites/LetrasMega.png
  artifactKey: Guid(fd5398f41be8008468e23781d071928a) Importer(815301076,1909f56bfc062723c751e8b465ee728b)
Start importing Assets/Sprites/LetrasMega.png using Guid(fd5398f41be8008468e23781d071928a) Importer(815301076,1909f56bfc062723c751e8b465ee728b)  -> (artifact id: '4ec845461926c871420c5c79e5c6fe57') in 0.015826 seconds 
  Import took 0.020611 seconds .

========================================================================
Received Import Request.
  Time since last request: 0.000245 seconds.
  path: Assets/Sprites/MegaPose2.png
  artifactKey: Guid(4e181c21dc7e984418313b91e9e3add7) Importer(815301076,1909f56bfc062723c751e8b465ee728b)
Start importing Assets/Sprites/MegaPose2.png using Guid(4e181c21dc7e984418313b91e9e3add7) Importer(815301076,1909f56bfc062723c751e8b465ee728b)  -> (artifact id: '4b4c5fcebd0c537e09c7cae84950e4c3') in 0.026529 seconds 
  Import took 0.031931 seconds .

========================================================================
Received Import Request.
  Time since last request: 0.000309 seconds.
  path: Assets/Sprites/DamageUI.png
  artifactKey: Guid(ea5625475c4851d488dfab4f7947b9f3) Importer(815301076,1909f56bfc062723c751e8b465ee728b)
Start importing Assets/Sprites/DamageUI.png using Guid(ea5625475c4851d488dfab4f7947b9f3) Importer(815301076,1909f56bfc062723c751e8b465ee728b)  -> (artifact id: '2c4ac6198871a6121382da1025ba8e8d') in 0.039321 seconds 
  Import took 0.043462 seconds .

========================================================================
Received Import Request.
  Time since last request: 0.000272 seconds.
  path: Assets/Sprites/Mega-Man-Battle-Network.ttf
  artifactKey: Guid(7ff58eca46466ac4d97ca0366b424ba9) Importer(815301076,1909f56bfc062723c751e8b465ee728b)
Start importing Assets/Sprites/Mega-Man-Battle-Network.ttf using Guid(7ff58eca46466ac4d97ca0366b424ba9) Importer(815301076,1909f56bfc062723c751e8b465ee728b)  -> (artifact id: '7fc6941e48ae94ab819f18f7df45b90f') in 0.149062 seconds 
  Import took 0.158092 seconds .

========================================================================
Received Import Request.
  Time since last request: 0.000753 seconds.
  path: Assets/Sprites/434182-Megaman-Legends-pattern-mechanics 2.png
  artifactKey: Guid(255b6035ffa894c41b09c7669920bd62) Importer(815301076,1909f56bfc062723c751e8b465ee728b)
Start importing Assets/Sprites/434182-Megaman-Legends-pattern-mechanics 2.png using Guid(255b6035ffa894c41b09c7669920bd62) Importer(815301076,1909f56bfc062723c751e8b465ee728b)  -> (artifact id: 'ac4f19538f86af3bcdba41313bcf4d13') in 0.054232 seconds 
  Import took 0.061339 seconds .

========================================================================
Received Import Request.
  Time since last request: 0.000316 seconds.
  path: Assets/Sprites/d9uiqx0-10da391f-47b7-47b8-81d4-8cd1668b402a.png
  artifactKey: Guid(6fce511b3b5d9e2449a40b8231c69f3e) Importer(815301076,1909f56bfc062723c751e8b465ee728b)
Start importing Assets/Sprites/d9uiqx0-10da391f-47b7-47b8-81d4-8cd1668b402a.png using Guid(6fce511b3b5d9e2449a40b8231c69f3e) Importer(815301076,1909f56bfc062723c751e8b465ee728b)  -> (artifact id: '3ccddd97bb29fb2173973c5b46a12c76') in 0.021867 seconds 
  Import took 0.025812 seconds .

========================================================================
Received Import Request.
  Time since last request: 0.000376 seconds.
  path: Assets/Sprites/MinecraftLogo.png
  artifactKey: Guid(60992fa5a3da7d04bad53d2742009d40) Importer(815301076,1909f56bfc062723c751e8b465ee728b)
Start importing Assets/Sprites/MinecraftLogo.png using Guid(60992fa5a3da7d04bad53d2742009d40) Importer(815301076,1909f56bfc062723c751e8b465ee728b)  -> (artifact id: 'd1916393a7e1187e7ef40f7c462a4ae9') in 0.054646 seconds 
  Import took 0.058765 seconds .

========================================================================
Received Import Request.
  Time since last request: 0.000226 seconds.
  path: Assets/Sprites/1_bIHMgHIZNuATP0PI7aLeCg.png
  artifactKey: Guid(3aa6f69a4b77ee742beb0c605480e0bf) Importer(815301076,1909f56bfc062723c751e8b465ee728b)
Start importing Assets/Sprites/1_bIHMgHIZNuATP0PI7aLeCg.png using Guid(3aa6f69a4b77ee742beb0c605480e0bf) Importer(815301076,1909f56bfc062723c751e8b465ee728b)  -> (artifact id: 'd9922f64132d1dc36fbb20c807ce048b') in 0.022055 seconds 
  Import took 0.026858 seconds .

========================================================================
Received Import Request.
  Time since last request: 0.000244 seconds.
  path: Assets/Sprites/mega-man-mega-man-11-wallpaper-preview.jpg
  artifactKey: Guid(e471f651b892fb648998037446ce47d3) Importer(815301076,1909f56bfc062723c751e8b465ee728b)
Start importing Assets/Sprites/mega-man-mega-man-11-wallpaper-preview.jpg using Guid(e471f651b892fb648998037446ce47d3) Importer(815301076,1909f56bfc062723c751e8b465ee728b)  -> (artifact id: '04fd84db68a4c541367027edd220dfaf') in 0.020862 seconds 
  Import took 0.024435 seconds .

========================================================================
Received Import Request.
  Time since last request: 0.000209 seconds.
  path: Assets/Sprites/BackUi 1.png
  artifactKey: Guid(9f4a501a5e94f2f42a359b657ab0eb1d) Importer(815301076,1909f56bfc062723c751e8b465ee728b)
Start importing Assets/Sprites/BackUi 1.png using Guid(9f4a501a5e94f2f42a359b657ab0eb1d) Importer(815301076,1909f56bfc062723c751e8b465ee728b)  -> (artifact id: '10d67140528eb4cd2061714a7c41401a') in 0.020702 seconds 
  Import took 0.024105 seconds .

========================================================================
Received Import Request.
  Time since last request: 0.000340 seconds.
  path: Assets/Sprites/MegaX.png
  artifactKey: Guid(32895dee441ee304b860acde543c7c99) Importer(815301076,1909f56bfc062723c751e8b465ee728b)
Start importing Assets/Sprites/MegaX.png using Guid(32895dee441ee304b860acde543c7c99) Importer(815301076,1909f56bfc062723c751e8b465ee728b)  -> (artifact id: '39d771d0e2261185585f7611488c4dd0') in 0.016948 seconds 
  Import took 0.020654 seconds .

========================================================================
Received Import Request.
  Time since last request: 0.000250 seconds.
  path: Assets/Sprites/HeeartMinecraftSprite.png
  artifactKey: Guid(2a07cba6768aee24184baa95418b96af) Importer(815301076,1909f56bfc062723c751e8b465ee728b)
Start importing Assets/Sprites/HeeartMinecraftSprite.png using Guid(2a07cba6768aee24184baa95418b96af) Importer(815301076,1909f56bfc062723c751e8b465ee728b)  -> (artifact id: '9e743e87d9106d2cb93dd4ff86a9be78') in 0.039380 seconds 
  Import took 0.042996 seconds .

========================================================================
Received Import Request.
  Time since last request: 0.000225 seconds.
  path: Assets/Sprites/LetrasMega2.png
  artifactKey: Guid(5990275ee19f773479e2628287f10c30) Importer(815301076,1909f56bfc062723c751e8b465ee728b)
Start importing Assets/Sprites/LetrasMega2.png using Guid(5990275ee19f773479e2628287f10c30) Importer(815301076,1909f56bfc062723c751e8b465ee728b)  -> (artifact id: 'a5f70ee85f5f5da27cd14eb47cbffb16') in 0.016550 seconds 
  Import took 0.020958 seconds .

========================================================================
Received Import Request.
  Time since last request: 0.000191 seconds.
  path: Assets/Sprites/SoundUI.png
  artifactKey: Guid(6d72a1c542a23fb408d1f7ce5ee96049) Importer(815301076,1909f56bfc062723c751e8b465ee728b)
Start importing Assets/Sprites/SoundUI.png using Guid(6d72a1c542a23fb408d1f7ce5ee96049) Importer(815301076,1909f56bfc062723c751e8b465ee728b)  -> (artifact id: '7821982c8e6eefac6e1e644eedd58cf3') in 0.013444 seconds 
  Import took 0.017468 seconds .

========================================================================
Received Import Request.
  Time since last request: 0.000229 seconds.
  path: Assets/Sprites/HUDUI.png
  artifactKey: Guid(40275711ad6a7fe4cb1841534a506bf9) Importer(815301076,1909f56bfc062723c751e8b465ee728b)
Start importing Assets/Sprites/HUDUI.png using Guid(40275711ad6a7fe4cb1841534a506bf9) Importer(815301076,1909f56bfc062723c751e8b465ee728b)  -> (artifact id: '4f71bd09ae3dd18721bf3766fc41e878') in 0.034277 seconds 
  Import took 0.038232 seconds .

========================================================================
Received Import Request.
  Time since last request: 0.000191 seconds.
  path: Assets/Sprites/MinecraftBackground.jpg
  artifactKey: Guid(b86b877befee1d647bb199f6e7d60dcd) Importer(815301076,1909f56bfc062723c751e8b465ee728b)
Start importing Assets/Sprites/MinecraftBackground.jpg using Guid(b86b877befee1d647bb199f6e7d60dcd) Importer(815301076,1909f56bfc062723c751e8b465ee728b)  -> (artifact id: '5d5748191273e366b5ffa62d805e922c') in 0.031424 seconds 
  Import took 0.034894 seconds .

========================================================================
Received Import Request.
  Time since last request: 0.000234 seconds.
  path: Assets/Sprites/PngJoy_megaman-sprite-megaman-sprite-sheet-png-png-download_4317253.png
  artifactKey: Guid(21e0c955ef9f6504dbf3213a47c918c3) Importer(815301076,1909f56bfc062723c751e8b465ee728b)
Start importing Assets/Sprites/PngJoy_megaman-sprite-megaman-sprite-sheet-png-png-download_4317253.png using Guid(21e0c955ef9f6504dbf3213a47c918c3) Importer(815301076,1909f56bfc062723c751e8b465ee728b)  -> (artifact id: '9af539c9baa1506055b4d39bd81fe298') in 0.247565 seconds 
  Import took 0.251621 seconds .

========================================================================
Received Import Request.
  Time since last request: 0.000356 seconds.
  path: Assets/Sprites/be571ba636c639ead20a2633a1d34f69.jpg
  artifactKey: Guid(607f1b676fbb0ec47b623ccc10e1c5c2) Importer(815301076,1909f56bfc062723c751e8b465ee728b)
Start importing Assets/Sprites/be571ba636c639ead20a2633a1d34f69.jpg using Guid(607f1b676fbb0ec47b623ccc10e1c5c2) Importer(815301076,1909f56bfc062723c751e8b465ee728b)  -> (artifact id: '7ceae684d34918a7046613fc8ce9b301') in 0.048751 seconds 
  Import took 0.052394 seconds .

========================================================================
Received Import Request.
  Time since last request: 0.000296 seconds.
  path: Assets/Sprites/434182-Megaman-Legends-pattern-mechanics.png
  artifactKey: Guid(c8d0f27a3ea106740bb85ef160579b9e) Importer(815301076,1909f56bfc062723c751e8b465ee728b)
Start importing Assets/Sprites/434182-Megaman-Legends-pattern-mechanics.png using Guid(c8d0f27a3ea106740bb85ef160579b9e) Importer(815301076,1909f56bfc062723c751e8b465ee728b)  -> (artifact id: '733bf5656b03c578b392d886e5c71c11') in 0.020869 seconds 
  Import took 0.024275 seconds .

========================================================================
Received Import Request.
  Time since last request: 0.000369 seconds.
  path: Assets/Sprites/ProtoMega-Man-X3-SNES-August-PrototypesGame-Start-The-.png
  artifactKey: Guid(d30f2189d22682042b70611bbc4ab4de) Importer(815301076,1909f56bfc062723c751e8b465ee728b)
Start importing Assets/Sprites/ProtoMega-Man-X3-SNES-August-PrototypesGame-Start-The-.png using Guid(d30f2189d22682042b70611bbc4ab4de) Importer(815301076,1909f56bfc062723c751e8b465ee728b)  -> (artifact id: '52e00b785961ae3466a2f98f206386a1') in 0.015773 seconds 
  Import took 0.019631 seconds .

========================================================================
Received Import Request.
  Time since last request: 0.000300 seconds.
  path: Assets/Sprites/292-2928543_desktop-megaman-wallpaper-mega-man-wallpaper-hd.jpg
  artifactKey: Guid(d6267d9c64b9f7c429262ce376bedb6f) Importer(815301076,1909f56bfc062723c751e8b465ee728b)
Start importing Assets/Sprites/292-2928543_desktop-megaman-wallpaper-mega-man-wallpaper-hd.jpg using Guid(d6267d9c64b9f7c429262ce376bedb6f) Importer(815301076,1909f56bfc062723c751e8b465ee728b)  -> (artifact id: '27c3f1ea5bda50979892cf0506fb6268') in 0.018717 seconds 
  Import took 0.022173 seconds .

========================================================================
Received Import Request.
  Time since last request: 0.000347 seconds.
  path: Assets/Sprites/PalancaMovil.png
  artifactKey: Guid(65d16dcf9185cf94e993f5fb4468c268) Importer(815301076,1909f56bfc062723c751e8b465ee728b)
Start importing Assets/Sprites/PalancaMovil.png using Guid(65d16dcf9185cf94e993f5fb4468c268) Importer(815301076,1909f56bfc062723c751e8b465ee728b)  -> (artifact id: 'd5b713790a2f0a7e43cd531111bb5590') in 0.014270 seconds 
  Import took 0.017646 seconds .

========================================================================
Received Import Request.
  Time since last request: 0.000357 seconds.
  path: Assets/Sprites/png-transparent-rockman-exe-ws-mega-man-battle-network-5-mega-man-star-force-3-mega-man-3-background-miscellaneous-texture-atmosphere.png
  artifactKey: Guid(e5d2c806c3142a24786446f0744add8f) Importer(815301076,1909f56bfc062723c751e8b465ee728b)
Start importing Assets/Sprites/png-transparent-rockman-exe-ws-mega-man-battle-network-5-mega-man-star-force-3-mega-man-3-background-miscellaneous-texture-atmosphere.png using Guid(e5d2c806c3142a24786446f0744add8f) Importer(815301076,1909f56bfc062723c751e8b465ee728b)  -> (artifact id: '5e299488102a23b22d0c3bf02839e77f') in 0.019692 seconds 
  Import took 0.023067 seconds .

========================================================================
Received Import Request.
  Time since last request: 0.000379 seconds.
  path: Assets/Sprites/Sin título-4 2.png
  artifactKey: Guid(3cb41094c3c6c6c4cb3aa0e3bca936e4) Importer(815301076,1909f56bfc062723c751e8b465ee728b)
Start importing Assets/Sprites/Sin título-4 2.png using Guid(3cb41094c3c6c6c4cb3aa0e3bca936e4) Importer(815301076,1909f56bfc062723c751e8b465ee728b)  -> (artifact id: 'e485aa03f7912ea4c5de5c186d96238d') in 0.011746 seconds 
  Import took 0.015363 seconds .

========================================================================
Received Import Request.
  Time since last request: 0.000338 seconds.
  path: Assets/Sprites/EstrellasUI.png
  artifactKey: Guid(f84c24ba2c1095f4e89b790ec7a3c2ab) Importer(815301076,1909f56bfc062723c751e8b465ee728b)
Start importing Assets/Sprites/EstrellasUI.png using Guid(f84c24ba2c1095f4e89b790ec7a3c2ab) Importer(815301076,1909f56bfc062723c751e8b465ee728b)  -> (artifact id: '6ed6bfb62b602180c1ed1758fa2879cd') in 0.024722 seconds 
  Import took 0.028118 seconds .

========================================================================
Received Import Request.
  Time since last request: 0.000388 seconds.
  path: Assets/Sprites/CreeperBackground.jpg
  artifactKey: Guid(19d3c5c6f78f0974b95b04237d479223) Importer(815301076,1909f56bfc062723c751e8b465ee728b)
Start importing Assets/Sprites/CreeperBackground.jpg using Guid(19d3c5c6f78f0974b95b04237d479223) Importer(815301076,1909f56bfc062723c751e8b465ee728b)  -> (artifact id: '6c1ca6ddd341740a27ebbdfc1d127ed3') in 0.019978 seconds 
  Import took 0.023246 seconds .

========================================================================
Received Import Request.
  Time since last request: 0.000320 seconds.
  path: Assets/Sprites/MegaPose1.png
  artifactKey: Guid(877ae6e95ff2b004292f0e44913fd1c6) Importer(815301076,1909f56bfc062723c751e8b465ee728b)
Start importing Assets/Sprites/MegaPose1.png using Guid(877ae6e95ff2b004292f0e44913fd1c6) Importer(815301076,1909f56bfc062723c751e8b465ee728b)  -> (artifact id: 'ec9b0b7e10178d5db8b3c0ee18ff345d') in 0.020933 seconds 
  Import took 0.024592 seconds .

========================================================================
Received Import Request.
  Time since last request: 0.000312 seconds.
  path: Assets/Sprites/AtaqueMovil.png
  artifactKey: Guid(d882695bebb09954c837d831826e464c) Importer(815301076,1909f56bfc062723c751e8b465ee728b)
Start importing Assets/Sprites/AtaqueMovil.png using Guid(d882695bebb09954c837d831826e464c) Importer(815301076,1909f56bfc062723c751e8b465ee728b)  -> (artifact id: '126571f71ae7bb7c957ca3933ce2b3ca') in 0.014415 seconds 
  Import took 0.017801 seconds .

========================================================================
Received Import Request.
  Time since last request: 0.000316 seconds.
  path: Assets/Sprites/play-icon-clip-art-56238.png
  artifactKey: Guid(6148b5a022c570f4ba14409ef7f35e2b) Importer(815301076,1909f56bfc062723c751e8b465ee728b)
Start importing Assets/Sprites/play-icon-clip-art-56238.png using Guid(6148b5a022c570f4ba14409ef7f35e2b) Importer(815301076,1909f56bfc062723c751e8b465ee728b)  -> (artifact id: '7186892c218e700f9d8f84c95d95a1f5') in 0.016957 seconds 
  Import took 0.020286 seconds .

========================================================================
Received Import Request.
  Time since last request: 0.000413 seconds.
  path: Assets/Sprites/MegamanScrollView.png
  artifactKey: Guid(361961afe7359eb49aa946dcb48601b3) Importer(815301076,1909f56bfc062723c751e8b465ee728b)
Start importing Assets/Sprites/MegamanScrollView.png using Guid(361961afe7359eb49aa946dcb48601b3) Importer(815301076,1909f56bfc062723c751e8b465ee728b)  -> (artifact id: '260985bb97dca8faef5f14064d54ce85') in 0.171189 seconds 
  Import took 0.175151 seconds .

========================================================================
Received Import Request.
  Time since last request: 0.000318 seconds.
  path: Assets/Sprites/SqueletonSprite.png
  artifactKey: Guid(48b31f73c0d181f4f94ea8ae562b05de) Importer(815301076,1909f56bfc062723c751e8b465ee728b)
Start importing Assets/Sprites/SqueletonSprite.png using Guid(48b31f73c0d181f4f94ea8ae562b05de) Importer(815301076,1909f56bfc062723c751e8b465ee728b)  -> (artifact id: '4f7419d3dadf83cedab919907cecdcbb') in 0.013990 seconds 
  Import took 0.017930 seconds .

========================================================================
Received Import Request.
  Time since last request: 0.000298 seconds.
  path: Assets/Sprites/BackUi.png
  artifactKey: Guid(f55070b5677561843b38e92cb66d1e73) Importer(815301076,1909f56bfc062723c751e8b465ee728b)
Start importing Assets/Sprites/BackUi.png using Guid(f55070b5677561843b38e92cb66d1e73) Importer(815301076,1909f56bfc062723c751e8b465ee728b)  -> (artifact id: 'e8116a7765a3e5ca4cab59220761ee5f') in 0.015746 seconds 
  Import took 0.019188 seconds .

========================================================================
Received Import Request.
  Time since last request: 0.000293 seconds.
  path: Assets/Sprites/ReturnSprite.png
  artifactKey: Guid(90854915e7e1b2d48803dc0228d90de9) Importer(815301076,1909f56bfc062723c751e8b465ee728b)
Start importing Assets/Sprites/ReturnSprite.png using Guid(90854915e7e1b2d48803dc0228d90de9) Importer(815301076,1909f56bfc062723c751e8b465ee728b)  -> (artifact id: '26f5b19edb8fcd85cc83a5988844f2e6') in 0.017017 seconds 
  Import took 0.020597 seconds .

========================================================================
Received Import Request.
  Time since last request: 0.000258 seconds.
  path: Assets/Sprites/HUD-Background.png
  artifactKey: Guid(8806fd621243e5e42bf31c4e7d617cdb) Importer(815301076,1909f56bfc062723c751e8b465ee728b)
Start importing Assets/Sprites/HUD-Background.png using Guid(8806fd621243e5e42bf31c4e7d617cdb) Importer(815301076,1909f56bfc062723c751e8b465ee728b)  -> (artifact id: '00d1032ecb4b29295e5286451d8f1253') in 0.025769 seconds 
  Import took 0.029478 seconds .

========================================================================
Received Import Request.
  Time since last request: 0.000269 seconds.
  path: Assets/Sprites/Sin título-4 1.png
  artifactKey: Guid(3daa4632d858e774fa6e0b4d18fdf2fa) Importer(815301076,1909f56bfc062723c751e8b465ee728b)
Start importing Assets/Sprites/Sin título-4 1.png using Guid(3daa4632d858e774fa6e0b4d18fdf2fa) Importer(815301076,1909f56bfc062723c751e8b465ee728b)  -> (artifact id: 'afb1ae5636b4c4b7eb0269f00ecb8864') in 0.008707 seconds 
  Import took 0.012404 seconds .

========================================================================
Received Import Request.
  Time since last request: 0.000307 seconds.
  path: Assets/Sprites/CinfigSprite.png
  artifactKey: Guid(831927bbbd8ec1543b7449c81083b853) Importer(815301076,1909f56bfc062723c751e8b465ee728b)
Start importing Assets/Sprites/CinfigSprite.png using Guid(831927bbbd8ec1543b7449c81083b853) Importer(815301076,1909f56bfc062723c751e8b465ee728b)  -> (artifact id: '1f2559710ec3f4e8466ff966f640c5dc') in 0.016338 seconds 
  Import took 0.019653 seconds .

========================================================================
Received Import Request.
  Time since last request: 0.000316 seconds.
  path: Assets/Sprites/SubirVolumen 1.png
  artifactKey: Guid(be53c5f643b232344ae823430a9b8cde) Importer(815301076,1909f56bfc062723c751e8b465ee728b)
Start importing Assets/Sprites/SubirVolumen 1.png using Guid(be53c5f643b232344ae823430a9b8cde) Importer(815301076,1909f56bfc062723c751e8b465ee728b)  -> (artifact id: '39249496941e45a3bf19958dca02a649') in 0.012239 seconds 
  Import took 0.015834 seconds .

========================================================================
Received Import Request.
  Time since last request: 0.000262 seconds.
  path: Assets/Sprites/434182-Megaman-Legends-pattern-mechanics 1.png
  artifactKey: Guid(0393be1003524024bbfa34799a853203) Importer(815301076,1909f56bfc062723c751e8b465ee728b)
Start importing Assets/Sprites/434182-Megaman-Legends-pattern-mechanics 1.png using Guid(0393be1003524024bbfa34799a853203) Importer(815301076,1909f56bfc062723c751e8b465ee728b)  -> (artifact id: '7e8bb85beba4e7142b727e8bb5c385e7') in 0.020526 seconds 
  Import took 0.024173 seconds .

========================================================================
Received Import Request.
  Time since last request: 0.000309 seconds.
  path: Assets/Sprites/GameOverSprite.png
  artifactKey: Guid(83658b50081eb9c4bab801f80f23d315) Importer(815301076,1909f56bfc062723c751e8b465ee728b)
Start importing Assets/Sprites/GameOverSprite.png using Guid(83658b50081eb9c4bab801f80f23d315) Importer(815301076,1909f56bfc062723c751e8b465ee728b)  -> (artifact id: '7b7db1b46a3db847ed8bf20e5e2f8993') in 0.015408 seconds 
  Import took 0.019276 seconds .

========================================================================
Received Prepare
Refreshing native plugins compatible for Editor in 7.01 ms, found 3 plugins.
Preloading 0 native plugins for Editor in 0.00 ms.
Unloading 14 Unused Serialized files (Serialized files now loaded: 0)
System memory in use before: 55.8 MB.
System memory in use after: 56.0 MB.

Unloading 14 unused Assets to reduce memory usage. Loaded Objects now: 2894.
Total: 4.307500 ms (FindLiveObjects: 0.316000 ms CreateObjectMapping: 0.168100 ms MarkObjects: 3.782600 ms  DeleteObjects: 0.039400 ms)

AssetImportParameters requested are different than current active one (requested -> active):
  custom:framework-win-MediaFoundation: 216162199b28c13a410421893ffa2e32 -> 
  custom:video-decoder-ogg-theora: a1e56fd34408186e4bbccfd4996cb3dc -> 
  custom:container-muxer-webm: aa71ff27fc2769a1b78a27578f13a17b -> 
  custom:container-demuxer-webm: 4f35f7cbe854078d1ac9338744f61a02 -> 
  custom:container-demuxer-ogg: 62fdf1f143b41e24485cea50d1cbac27 -> 
  custom:video-encoder-webm-vp8: eb34c28f22e8b96e1ab97ce403110664 -> 
  custom:video-decoder-webm-vp8: 9c59270c3fd7afecdb556c50c9e8de78 -> 
  custom:audio-decoder-ogg-vorbis: bf7c407c2cedff20999df2af8eb42d56 -> 
  custom:audio-encoder-webm-vorbis: bf7c407c2cedff20999df2af8eb42d56 -> 
========================================================================
Received Import Request.
  Time since last request: 12.206749 seconds.
  path: Assets/Scenes/SampleScene.unity
  artifactKey: Guid(2cda990e2423bbf4892e6590ba056729) Importer(815301076,1909f56bfc062723c751e8b465ee728b)
Start importing Assets/Scenes/SampleScene.unity using Guid(2cda990e2423bbf4892e6590ba056729) Importer(815301076,1909f56bfc062723c751e8b465ee728b)  -> (artifact id: '0760f17b81f79bda557d0b5b2c98e469') in 0.009857 seconds 
  Import took 0.014075 seconds .

========================================================================
Received Import Request.
  Time since last request: 16.358892 seconds.
  path: Assets/Scenes/UI-MainMenu.unity
  artifactKey: Guid(1d81ea37625c7aa44b50d01bf1b77d4b) Importer(815301076,1909f56bfc062723c751e8b465ee728b)
Start importing Assets/Scenes/UI-MainMenu.unity using Guid(1d81ea37625c7aa44b50d01bf1b77d4b) Importer(815301076,1909f56bfc062723c751e8b465ee728b)  -> (artifact id: 'a638e5224d36dcd0004e6e0028a24ee4') in 0.007998 seconds 
  Import took 0.012330 seconds .

========================================================================
Received Prepare
Registering precompiled user dll's ...
Registered in 0.006095 seconds.
Begin MonoManager ReloadAssembly
Native extension for WindowsStandalone target not found
Refreshing native plugins compatible for Editor in 0.56 ms, found 3 plugins.
Preloading 0 native plugins for Editor in 0.00 ms.
Mono: successfully reloaded assembly
- Completed reload, in  1.276 seconds
Platform modules already initialized, skipping
Switching build target platform(19) subTarget(0) extendedPlatform(0) -> platform(13) subTarget(537395200) extendedPlatform(0)
Refreshing native plugins compatible for Editor in 0.51 ms, found 3 plugins.
Preloading 0 native plugins for Editor in 0.00 ms.
Unloading 2090 Unused Serialized files (Serialized files now loaded: 0)
System memory in use before: 97.3 MB.
System memory in use after: 97.6 MB.

Unloading 16 unused Assets to reduce memory usage. Loaded Objects now: 2898.
Total: 2.879800 ms (FindLiveObjects: 0.320200 ms CreateObjectMapping: 0.124100 ms MarkObjects: 2.403000 ms  DeleteObjects: 0.031300 ms)

AssetImportParameters requested are different than current active one (requested -> active):
  custom:framework-win-MediaFoundation: 216162199b28c13a410421893ffa2e32 -> 
  custom:video-decoder-ogg-theora: a1e56fd34408186e4bbccfd4996cb3dc -> 
  custom:container-muxer-webm: aa71ff27fc2769a1b78a27578f13a17b -> 
  custom:container-demuxer-webm: 4f35f7cbe854078d1ac9338744f61a02 -> 
  custom:container-demuxer-ogg: 62fdf1f143b41e24485cea50d1cbac27 -> 
  custom:video-encoder-webm-vp8: eb34c28f22e8b96e1ab97ce403110664 -> 
  custom:video-decoder-webm-vp8: 9c59270c3fd7afecdb556c50c9e8de78 -> 
  custom:graphics/normal-map-encoding: 01000000000000000000000000000000 -> 02000000000000000000000000000000
  custom:audio-decoder-ogg-vorbis: bf7c407c2cedff20999df2af8eb42d56 -> 
  custom:audio-encoder-webm-vorbis: bf7c407c2cedff20999df2af8eb42d56 -> 
========================================================================
Received Prepare
Registering precompiled user dll's ...
Registered in 0.005747 seconds.
Begin MonoManager ReloadAssembly
Native extension for WindowsStandalone target not found
Refreshing native plugins compatible for Editor in 0.49 ms, found 3 plugins.
Preloading 0 native plugins for Editor in 0.00 ms.
Mono: successfully reloaded assembly
- Completed reload, in  1.274 seconds
Platform modules already initialized, skipping
Switching build target platform(19) subTarget(0) extendedPlatform(0) -> platform(13) subTarget(537395200) extendedPlatform(0)
Refreshing native plugins compatible for Editor in 0.50 ms, found 3 plugins.
Preloading 0 native plugins for Editor in 0.00 ms.
Unloading 2090 Unused Serialized files (Serialized files now loaded: 0)
System memory in use before: 97.4 MB.
System memory in use after: 97.6 MB.

Unloading 16 unused Assets to reduce memory usage. Loaded Objects now: 2902.
Total: 3.435400 ms (FindLiveObjects: 0.297800 ms CreateObjectMapping: 0.130700 ms MarkObjects: 2.969900 ms  DeleteObjects: 0.035700 ms)

AssetImportParameters requested are different than current active one (requested -> active):
  custom:framework-win-MediaFoundation: 216162199b28c13a410421893ffa2e32 -> 
  custom:video-decoder-ogg-theora: a1e56fd34408186e4bbccfd4996cb3dc -> 
  custom:container-muxer-webm: aa71ff27fc2769a1b78a27578f13a17b -> 
  custom:container-demuxer-webm: 4f35f7cbe854078d1ac9338744f61a02 -> 
  custom:container-demuxer-ogg: 62fdf1f143b41e24485cea50d1cbac27 -> 
  custom:video-encoder-webm-vp8: eb34c28f22e8b96e1ab97ce403110664 -> 
  custom:video-decoder-webm-vp8: 9c59270c3fd7afecdb556c50c9e8de78 -> 
  custom:graphics/normal-map-encoding: 01000000000000000000000000000000 -> 02000000000000000000000000000000
  custom:audio-decoder-ogg-vorbis: bf7c407c2cedff20999df2af8eb42d56 -> 
  custom:audio-encoder-webm-vorbis: bf7c407c2cedff20999df2af8eb42d56 -> 
========================================================================
Received Prepare
Registering precompiled user dll's ...
Registered in 0.005667 seconds.
Begin MonoManager ReloadAssembly
Native extension for WindowsStandalone target not found
Refreshing native plugins compatible for Editor in 0.52 ms, found 3 plugins.
Preloading 0 native plugins for Editor in 0.00 ms.
Mono: successfully reloaded assembly
- Completed reload, in  1.543 seconds
Platform modules already initialized, skipping
Switching build target platform(19) subTarget(0) extendedPlatform(0) -> platform(13) subTarget(537395200) extendedPlatform(0)
Refreshing native plugins compatible for Editor in 0.50 ms, found 3 plugins.
Preloading 0 native plugins for Editor in 0.00 ms.
Unloading 2090 Unused Serialized files (Serialized files now loaded: 0)
System memory in use before: 97.4 MB.
System memory in use after: 97.6 MB.

Unloading 16 unused Assets to reduce memory usage. Loaded Objects now: 2906.
Total: 3.364400 ms (FindLiveObjects: 0.248600 ms CreateObjectMapping: 0.107600 ms MarkObjects: 2.985000 ms  DeleteObjects: 0.021900 ms)

AssetImportParameters requested are different than current active one (requested -> active):
  custom:framework-win-MediaFoundation: 216162199b28c13a410421893ffa2e32 -> 
  custom:video-decoder-ogg-theora: a1e56fd34408186e4bbccfd4996cb3dc -> 
  custom:container-muxer-webm: aa71ff27fc2769a1b78a27578f13a17b -> 
  custom:container-demuxer-webm: 4f35f7cbe854078d1ac9338744f61a02 -> 
  custom:container-demuxer-ogg: 62fdf1f143b41e24485cea50d1cbac27 -> 
  custom:video-encoder-webm-vp8: eb34c28f22e8b96e1ab97ce403110664 -> 
  custom:video-decoder-webm-vp8: 9c59270c3fd7afecdb556c50c9e8de78 -> 
  custom:graphics/normal-map-encoding: 01000000000000000000000000000000 -> 02000000000000000000000000000000
  custom:audio-decoder-ogg-vorbis: bf7c407c2cedff20999df2af8eb42d56 -> 
  custom:audio-encoder-webm-vorbis: bf7c407c2cedff20999df2af8eb42d56 -> 
========================================================================
Received Prepare
Registering precompiled user dll's ...
Registered in 0.006234 seconds.
Begin MonoManager ReloadAssembly
Native extension for WindowsStandalone target not found
Refreshing native plugins compatible for Editor in 0.51 ms, found 3 plugins.
Preloading 0 native plugins for Editor in 0.00 ms.
Mono: successfully reloaded assembly
- Completed reload, in  1.273 seconds
Platform modules already initialized, skipping
Switching build target platform(19) subTarget(0) extendedPlatform(0) -> platform(13) subTarget(537395200) extendedPlatform(0)
Refreshing native plugins compatible for Editor in 0.55 ms, found 3 plugins.
Preloading 0 native plugins for Editor in 0.00 ms.
Unloading 2090 Unused Serialized files (Serialized files now loaded: 0)
System memory in use before: 97.4 MB.
System memory in use after: 97.6 MB.

Unloading 16 unused Assets to reduce memory usage. Loaded Objects now: 2910.
Total: 3.137100 ms (FindLiveObjects: 0.256000 ms CreateObjectMapping: 0.111500 ms MarkObjects: 2.719800 ms  DeleteObjects: 0.048300 ms)

AssetImportParameters requested are different than current active one (requested -> active):
  custom:framework-win-MediaFoundation: 216162199b28c13a410421893ffa2e32 -> 
  custom:video-decoder-ogg-theora: a1e56fd34408186e4bbccfd4996cb3dc -> 
  custom:container-muxer-webm: aa71ff27fc2769a1b78a27578f13a17b -> 
  custom:container-demuxer-webm: 4f35f7cbe854078d1ac9338744f61a02 -> 
  custom:container-demuxer-ogg: 62fdf1f143b41e24485cea50d1cbac27 -> 
  custom:video-encoder-webm-vp8: eb34c28f22e8b96e1ab97ce403110664 -> 
  custom:video-decoder-webm-vp8: 9c59270c3fd7afecdb556c50c9e8de78 -> 
  custom:graphics/normal-map-encoding: 01000000000000000000000000000000 -> 02000000000000000000000000000000
  custom:audio-decoder-ogg-vorbis: bf7c407c2cedff20999df2af8eb42d56 -> 
  custom:audio-encoder-webm-vorbis: bf7c407c2cedff20999df2af8eb42d56 -> 
========================================================================
Received Prepare
Registering precompiled user dll's ...
Registered in 0.005774 seconds.
Begin MonoManager ReloadAssembly
Native extension for WindowsStandalone target not found
Refreshing native plugins compatible for Editor in 0.50 ms, found 3 plugins.
Preloading 0 native plugins for Editor in 0.00 ms.
Mono: successfully reloaded assembly
- Completed reload, in  1.289 seconds
Platform modules already initialized, skipping
Switching build target platform(19) subTarget(0) extendedPlatform(0) -> platform(13) subTarget(537395200) extendedPlatform(0)
Refreshing native plugins compatible for Editor in 0.50 ms, found 3 plugins.
Preloading 0 native plugins for Editor in 0.00 ms.
Unloading 2090 Unused Serialized files (Serialized files now loaded: 0)
System memory in use before: 97.4 MB.
System memory in use after: 97.7 MB.

Unloading 16 unused Assets to reduce memory usage. Loaded Objects now: 2914.
Total: 3.175200 ms (FindLiveObjects: 0.251500 ms CreateObjectMapping: 0.109200 ms MarkObjects: 2.757700 ms  DeleteObjects: 0.055600 ms)

AssetImportParameters requested are different than current active one (requested -> active):
  custom:framework-win-MediaFoundation: 216162199b28c13a410421893ffa2e32 -> 
  custom:video-decoder-ogg-theora: a1e56fd34408186e4bbccfd4996cb3dc -> 
  custom:container-muxer-webm: aa71ff27fc2769a1b78a27578f13a17b -> 
  custom:container-demuxer-webm: 4f35f7cbe854078d1ac9338744f61a02 -> 
  custom:container-demuxer-ogg: 62fdf1f143b41e24485cea50d1cbac27 -> 
  custom:video-encoder-webm-vp8: eb34c28f22e8b96e1ab97ce403110664 -> 
  custom:video-decoder-webm-vp8: 9c59270c3fd7afecdb556c50c9e8de78 -> 
  custom:graphics/normal-map-encoding: 01000000000000000000000000000000 -> 02000000000000000000000000000000
  custom:audio-decoder-ogg-vorbis: bf7c407c2cedff20999df2af8eb42d56 -> 
  custom:audio-encoder-webm-vorbis: bf7c407c2cedff20999df2af8eb42d56 -> 
========================================================================
Received Import Request.
  Time since last request: 141.604716 seconds.
  path: Assets/Scenes/MenuDeOpciones.unity
  artifactKey: Guid(4568d6231e092c948bb3c2fe5fefc05a) Importer(815301076,1909f56bfc062723c751e8b465ee728b)
Start importing Assets/Scenes/MenuDeOpciones.unity using Guid(4568d6231e092c948bb3c2fe5fefc05a) Importer(815301076,1909f56bfc062723c751e8b465ee728b)  -> (artifact id: '8d8dce250d4fcd73dcec0c10978cc7d4') in 0.018387 seconds 
  Import took 0.022073 seconds .

========================================================================
Received Prepare
Registering precompiled user dll's ...
Registered in 0.006504 seconds.
Begin MonoManager ReloadAssembly
Native extension for WindowsStandalone target not found
Refreshing native plugins compatible for Editor in 0.50 ms, found 3 plugins.
Preloading 0 native plugins for Editor in 0.00 ms.
Mono: successfully reloaded assembly
- Completed reload, in  1.297 seconds
Platform modules already initialized, skipping
Switching build target platform(19) subTarget(0) extendedPlatform(0) -> platform(13) subTarget(537395200) extendedPlatform(0)
Refreshing native plugins compatible for Editor in 0.49 ms, found 3 plugins.
Preloading 0 native plugins for Editor in 0.00 ms.
Unloading 2090 Unused Serialized files (Serialized files now loaded: 0)
System memory in use before: 97.5 MB.
System memory in use after: 97.7 MB.

Unloading 16 unused Assets to reduce memory usage. Loaded Objects now: 2918.
Total: 2.994500 ms (FindLiveObjects: 0.248400 ms CreateObjectMapping: 0.118300 ms MarkObjects: 2.592100 ms  DeleteObjects: 0.033600 ms)

AssetImportParameters requested are different than current active one (requested -> active):
  custom:framework-win-MediaFoundation: 216162199b28c13a410421893ffa2e32 -> 
  custom:video-decoder-ogg-theora: a1e56fd34408186e4bbccfd4996cb3dc -> 
  custom:container-muxer-webm: aa71ff27fc2769a1b78a27578f13a17b -> 
  custom:container-demuxer-webm: 4f35f7cbe854078d1ac9338744f61a02 -> 
  custom:container-demuxer-ogg: 62fdf1f143b41e24485cea50d1cbac27 -> 
  custom:video-encoder-webm-vp8: eb34c28f22e8b96e1ab97ce403110664 -> 
  custom:video-decoder-webm-vp8: 9c59270c3fd7afecdb556c50c9e8de78 -> 
  custom:graphics/normal-map-encoding: 01000000000000000000000000000000 -> 02000000000000000000000000000000
  custom:audio-decoder-ogg-vorbis: bf7c407c2cedff20999df2af8eb42d56 -> 
  custom:audio-encoder-webm-vorbis: bf7c407c2cedff20999df2af8eb42d56 -> 
========================================================================
Received Prepare
Registering precompiled user dll's ...
Registered in 0.005751 seconds.
Begin MonoManager ReloadAssembly
Native extension for WindowsStandalone target not found
Refreshing native plugins compatible for Editor in 0.49 ms, found 3 plugins.
Preloading 0 native plugins for Editor in 0.00 ms.
Mono: successfully reloaded assembly
- Completed reload, in  1.341 seconds
Platform modules already initialized, skipping
Switching build target platform(19) subTarget(0) extendedPlatform(0) -> platform(13) subTarget(537395200) extendedPlatform(0)
Refreshing native plugins compatible for Editor in 0.76 ms, found 3 plugins.
Preloading 0 native plugins for Editor in 0.00 ms.
Unloading 2090 Unused Serialized files (Serialized files now loaded: 0)
System memory in use before: 97.5 MB.
System memory in use after: 97.7 MB.

Unloading 16 unused Assets to reduce memory usage. Loaded Objects now: 2922.
Total: 4.682100 ms (FindLiveObjects: 0.580000 ms CreateObjectMapping: 0.479400 ms MarkObjects: 3.598100 ms  DeleteObjects: 0.022900 ms)

AssetImportParameters requested are different than current active one (requested -> active):
  custom:framework-win-MediaFoundation: 216162199b28c13a410421893ffa2e32 -> 
  custom:video-decoder-ogg-theora: a1e56fd34408186e4bbccfd4996cb3dc -> 
  custom:container-muxer-webm: aa71ff27fc2769a1b78a27578f13a17b -> 
  custom:container-demuxer-webm: 4f35f7cbe854078d1ac9338744f61a02 -> 
  custom:container-demuxer-ogg: 62fdf1f143b41e24485cea50d1cbac27 -> 
  custom:video-encoder-webm-vp8: eb34c28f22e8b96e1ab97ce403110664 -> 
  custom:video-decoder-webm-vp8: 9c59270c3fd7afecdb556c50c9e8de78 -> 
  custom:graphics/normal-map-encoding: 01000000000000000000000000000000 -> 02000000000000000000000000000000
  custom:audio-decoder-ogg-vorbis: bf7c407c2cedff20999df2af8eb42d56 -> 
  custom:audio-encoder-webm-vorbis: bf7c407c2cedff20999df2af8eb42d56 -> 
AssetImportWorkerClient::OnTransportError - code=2 error=End of file
